{"name": "test_form", "status": "failed", "statusDetails": {"message": "selene.core.exceptions.TimeoutException: Message: \n\nTimed out after 4s, while waiting for:\nbrowser.element(('css selector', '[class=\"react-datepicker__day react-datepicker__day--001 react-datepicker__day--weekend\"]')).is visible and is enabled\n\nReason: NoSuchElementException: Message: no such element: Unable to locate element: {\"method\":\"css selector\",\"selector\":\"[class=\"react-datepicker__day react-datepicker__day--001 react-datepicker__day--weekend\"]\"}\n  (Session info: chrome=113.0.5672.93)\nStacktrace:\nBacktrace:\n\tGetHandleVerifier [0x00488893+48451]\n\t(No symbol) [0x0041B8A1]\n\t(No symbol) [0x00325058]\n\t(No symbol) [0x00350467]\n\t(No symbol) [0x0035069B]\n\t(No symbol) [0x0037DD92]\n\t(No symbol) [0x0036A304]\n\t(No symbol) [0x0037C482]\n\t(No symbol) [0x0036A0B6]\n\t(No symbol) [0x00347E08]\n\t(No symbol) [0x00348F2D]\n\tGetHandleVerifier [0x006E8E3A+2540266]\n\tGetHandleVerifier [0x00728959+2801161]\n\tGetHandleVerifier [0x0072295C+2776588]\n\tGetHandleVerifier [0x00512280+612144]\n\t(No symbol) [0x00424F6C]\n\t(No symbol) [0x004211D8]\n\t(No symbol) [0x004212BB]\n\t(No symbol) [0x00414857]\n\tBaseThreadInitThunk [0x76EA0099+25]\n\tRtlGetAppContainerNamedObjectPath [0x77767B6E+286]\n\tRtlGetAppContainerNamedObjectPath [0x77767B3E+238]\n\nScreenshot: file://C:\\Users\\DronovNA\\.selene\\screenshots\\1683835337239\\1683835337239.png\nPageSource: file://C:\\Users\\DronovNA\\.selene\\screenshots\\1683835337239\\1683835337239.html", "trace": "fn = <selene.core.condition.Condition object at 0x0000028269AD1B10>\n\n    def logic(fn: Callable[[E], R]) -> R:\n        finish_time = time.time() + self._timeout\n    \n        while True:\n            try:\n>               return fn(self.entity)\n\nvenv\\Lib\\site-packages\\selene\\core\\wait.py:119: \n_ _ _ _ _ _ _ _ _ _ _ _ _ _ _ _ _ _ _ _ _ _ _ _ _ _ _ _ _ _ _ _ _ _ _ _ _ _ _ _ _ _ _ _ _ _ _ _ _ _ _ _ _ _ _ _ _ _ _ _ _ _ _ _ _ _ _ _ _ _ _ _ _ _ _ _ _ _ _ _ _ _ _ _ _ _ _ _ _ _\n\nself = <selene.core.condition.Condition object at 0x0000028269AD1B10>, entity = <selene.core.entity.Element object at 0x000002826A5554D0>\n\n    def __call__(self, entity: E) -> None:\n>       return self._fn(entity)\n\nvenv\\Lib\\site-packages\\selene\\core\\condition.py:173: \n_ _ _ _ _ _ _ _ _ _ _ _ _ _ _ _ _ _ _ _ _ _ _ _ _ _ _ _ _ _ _ _ _ _ _ _ _ _ _ _ _ _ _ _ _ _ _ _ _ _ _ _ _ _ _ _ _ _ _ _ _ _ _ _ _ _ _ _ _ _ _ _ _ _ _ _ _ _ _ _ _ _ _ _ _ _ _ _ _ _\n\nentity = <selene.core.entity.Element object at 0x000002826A5554D0>\n\n    def func(entity):\n        for condition in conditions:\n>           condition.call(entity)\n\nvenv\\Lib\\site-packages\\selene\\core\\condition.py:52: \n_ _ _ _ _ _ _ _ _ _ _ _ _ _ _ _ _ _ _ _ _ _ _ _ _ _ _ _ _ _ _ _ _ _ _ _ _ _ _ _ _ _ _ _ _ _ _ _ _ _ _ _ _ _ _ _ _ _ _ _ _ _ _ _ _ _ _ _ _ _ _ _ _ _ _ _ _ _ _ _ _ _ _ _ _ _ _ _ _ _\n\nself = <selene.core.conditions.ElementCondition object at 0x0000028269AD14D0>, entity = <selene.core.entity.Element object at 0x000002826A5554D0>\n\n    def call(self, entity: E) -> None:\n>       self.__call__(entity)\n\nvenv\\Lib\\site-packages\\selene\\core\\condition.py:155: \n_ _ _ _ _ _ _ _ _ _ _ _ _ _ _ _ _ _ _ _ _ _ _ _ _ _ _ _ _ _ _ _ _ _ _ _ _ _ _ _ _ _ _ _ _ _ _ _ _ _ _ _ _ _ _ _ _ _ _ _ _ _ _ _ _ _ _ _ _ _ _ _ _ _ _ _ _ _ _ _ _ _ _ _ _ _ _ _ _ _\n\nself = <selene.core.conditions.ElementCondition object at 0x0000028269AD14D0>, entity = <selene.core.entity.Element object at 0x000002826A5554D0>\n\n    def __call__(self, entity: E) -> None:\n>       return self._fn(entity)\n\nvenv\\Lib\\site-packages\\selene\\core\\condition.py:173: \n_ _ _ _ _ _ _ _ _ _ _ _ _ _ _ _ _ _ _ _ _ _ _ _ _ _ _ _ _ _ _ _ _ _ _ _ _ _ _ _ _ _ _ _ _ _ _ _ _ _ _ _ _ _ _ _ _ _ _ _ _ _ _ _ _ _ _ _ _ _ _ _ _ _ _ _ _ _ _ _ _ _ _ _ _ _ _ _ _ _\n\nentity = <selene.core.entity.Element object at 0x000002826A5554D0>\n\n    def fn(entity: E) -> None:\n>       if not predicate(entity):\n\nvenv\\Lib\\site-packages\\selene\\core\\condition.py:121: \n_ _ _ _ _ _ _ _ _ _ _ _ _ _ _ _ _ _ _ _ _ _ _ _ _ _ _ _ _ _ _ _ _ _ _ _ _ _ _ _ _ _ _ _ _ _ _ _ _ _ _ _ _ _ _ _ _ _ _ _ _ _ _ _ _ _ _ _ _ _ _ _ _ _ _ _ _ _ _ _ _ _ _ _ _ _ _ _ _ _\n\nelement = <selene.core.entity.Element object at 0x000002826A5554D0>\n\n>       'is visible', lambda element: element().is_displayed()\n    )\n\nvenv\\Lib\\site-packages\\selene\\core\\match.py:37: \n_ _ _ _ _ _ _ _ _ _ _ _ _ _ _ _ _ _ _ _ _ _ _ _ _ _ _ _ _ _ _ _ _ _ _ _ _ _ _ _ _ _ _ _ _ _ _ _ _ _ _ _ _ _ _ _ _ _ _ _ _ _ _ _ _ _ _ _ _ _ _ _ _ _ _ _ _ _ _ _ _ _ _ _ _ _ _ _ _ _\n\nself = <selene.core.entity.Element object at 0x000002826A5554D0>\n\n    def __call__(self) -> WebElement:\n>       return self.locate()\n\nvenv\\Lib\\site-packages\\selene\\core\\entity.py:196: \n_ _ _ _ _ _ _ _ _ _ _ _ _ _ _ _ _ _ _ _ _ _ _ _ _ _ _ _ _ _ _ _ _ _ _ _ _ _ _ _ _ _ _ _ _ _ _ _ _ _ _ _ _ _ _ _ _ _ _ _ _ _ _ _ _ _ _ _ _ _ _ _ _ _ _ _ _ _ _ _ _ _ _ _ _ _ _ _ _ _\n\nself = <selene.core.entity.Element object at 0x000002826A5554D0>\n\n    def locate(self) -> WebElement:\n>       return self._locator()\n\nvenv\\Lib\\site-packages\\selene\\core\\entity.py:189: \n_ _ _ _ _ _ _ _ _ _ _ _ _ _ _ _ _ _ _ _ _ _ _ _ _ _ _ _ _ _ _ _ _ _ _ _ _ _ _ _ _ _ _ _ _ _ _ _ _ _ _ _ _ _ _ _ _ _ _ _ _ _ _ _ _ _ _ _ _ _ _ _ _ _ _ _ _ _ _ _ _ _ _ _ _ _ _ _ _ _\n\nself = <selene.core.locator.Locator object at 0x000002826A52EB90>\n\n    def __call__(self) -> T:\n>       return self._locate()\n\nvenv\\Lib\\site-packages\\selene\\core\\locator.py:34: \n_ _ _ _ _ _ _ _ _ _ _ _ _ _ _ _ _ _ _ _ _ _ _ _ _ _ _ _ _ _ _ _ _ _ _ _ _ _ _ _ _ _ _ _ _ _ _ _ _ _ _ _ _ _ _ _ _ _ _ _ _ _ _ _ _ _ _ _ _ _ _ _ _ _ _ _ _ _ _ _ _ _ _ _ _ _ _ _ _ _\n\n>       Locator(f'{self}.element({by})', lambda: self.driver.find_element(*by)),\n        self.config,\n    )\n\nvenv\\Lib\\site-packages\\selene\\core\\entity.py:1132: \n_ _ _ _ _ _ _ _ _ _ _ _ _ _ _ _ _ _ _ _ _ _ _ _ _ _ _ _ _ _ _ _ _ _ _ _ _ _ _ _ _ _ _ _ _ _ _ _ _ _ _ _ _ _ _ _ _ _ _ _ _ _ _ _ _ _ _ _ _ _ _ _ _ _ _ _ _ _ _ _ _ _ _ _ _ _ _ _ _ _\n\nself = <selenium.webdriver.chrome.webdriver.WebDriver (session=\"182bbe6c12d273b739e71bc342ce001a\")>, by = 'css selector'\nvalue = '[class=\"react-datepicker__day react-datepicker__day--001 react-datepicker__day--weekend\"]'\n\n    def find_element(self, by=By.ID, value: Optional[str] = None) -> WebElement:\n        \"\"\"\n        Find an element given a By strategy and locator.\n    \n        :Usage:\n            ::\n    \n                element = driver.find_element(By.ID, 'foo')\n    \n        :rtype: WebElement\n        \"\"\"\n        if isinstance(by, RelativeBy):\n            elements = self.find_elements(by=by, value=value)\n            if not elements:\n                raise NoSuchElementException(f\"Cannot locate relative element with: {by.root}\")\n            return elements[0]\n    \n        if by == By.ID:\n            by = By.CSS_SELECTOR\n            value = '[id=\"%s\"]' % value\n        elif by == By.CLASS_NAME:\n            by = By.CSS_SELECTOR\n            value = \".%s\" % value\n        elif by == By.NAME:\n            by = By.CSS_SELECTOR\n            value = '[name=\"%s\"]' % value\n    \n>       return self.execute(Command.FIND_ELEMENT, {\n            'using': by,\n            'value': value})['value']\n\nvenv\\Lib\\site-packages\\selenium\\webdriver\\remote\\webdriver.py:856: \n_ _ _ _ _ _ _ _ _ _ _ _ _ _ _ _ _ _ _ _ _ _ _ _ _ _ _ _ _ _ _ _ _ _ _ _ _ _ _ _ _ _ _ _ _ _ _ _ _ _ _ _ _ _ _ _ _ _ _ _ _ _ _ _ _ _ _ _ _ _ _ _ _ _ _ _ _ _ _ _ _ _ _ _ _ _ _ _ _ _\n\nself = <selenium.webdriver.chrome.webdriver.WebDriver (session=\"182bbe6c12d273b739e71bc342ce001a\")>, driver_command = 'findElement'\nparams = {'using': 'css selector', 'value': '[class=\"react-datepicker__day react-datepicker__day--001 react-datepicker__day--weekend\"]'}\n\n    def execute(self, driver_command: str, params: dict = None) -> dict:\n        \"\"\"\n        Sends a command to be executed by a command.CommandExecutor.\n    \n        :Args:\n         - driver_command: The name of the command to execute as a string.\n         - params: A dictionary of named parameters to send with the command.\n    \n        :Returns:\n          The command's JSON response loaded into a dictionary object.\n        \"\"\"\n        if self.session_id:\n            if not params:\n                params = {'sessionId': self.session_id}\n            elif 'sessionId' not in params:\n                params['sessionId'] = self.session_id\n    \n        params = self._wrap_value(params)\n        response = self.command_executor.execute(driver_command, params)\n        if response:\n>           self.error_handler.check_response(response)\n\nvenv\\Lib\\site-packages\\selenium\\webdriver\\remote\\webdriver.py:429: \n_ _ _ _ _ _ _ _ _ _ _ _ _ _ _ _ _ _ _ _ _ _ _ _ _ _ _ _ _ _ _ _ _ _ _ _ _ _ _ _ _ _ _ _ _ _ _ _ _ _ _ _ _ _ _ _ _ _ _ _ _ _ _ _ _ _ _ _ _ _ _ _ _ _ _ _ _ _ _ _ _ _ _ _ _ _ _ _ _ _\n\nself = <selenium.webdriver.remote.errorhandler.ErrorHandler object at 0x0000028269771090>\nresponse = {'status': 404, 'value': '{\"value\":{\"error\":\"no such element\",\"message\":\"no such element: Unable to locate element: {\\...\\n\\\\tRtlGetAppContainerNamedObjectPath [0x77767B6E+286]\\\\n\\\\tRtlGetAppContainerNamedObjectPath [0x77767B3E+238]\\\\n\"}}'}\n\n    def check_response(self, response: Dict[str, Any]) -> None:\n        \"\"\"\n        Checks that a JSON response from the WebDriver does not have an error.\n    \n        :Args:\n         - response - The JSON response from the WebDriver server as a dictionary\n           object.\n    \n        :Raises: If the response contains an error message.\n        \"\"\"\n        status = response.get('status', None)\n        if not status or status == ErrorCode.SUCCESS:\n            return\n        value = None\n        message = response.get(\"message\", \"\")\n        screen: str = response.get(\"screen\", \"\")\n        stacktrace = None\n        if isinstance(status, int):\n            value_json = response.get('value', None)\n            if value_json and isinstance(value_json, str):\n                import json\n                try:\n                    value = json.loads(value_json)\n                    if len(value.keys()) == 1:\n                        value = value['value']\n                    status = value.get('error', None)\n                    if not status:\n                        status = value.get(\"status\", ErrorCode.UNKNOWN_ERROR)\n                        message = value.get(\"value\") or value.get(\"message\")\n                        if not isinstance(message, str):\n                            value = message\n                            message = message.get('message')\n                    else:\n                        message = value.get('message', None)\n                except ValueError:\n                    pass\n    \n        exception_class: Type[WebDriverException]\n        if status in ErrorCode.NO_SUCH_ELEMENT:\n            exception_class = NoSuchElementException\n        elif status in ErrorCode.NO_SUCH_FRAME:\n            exception_class = NoSuchFrameException\n        elif status in ErrorCode.NO_SUCH_SHADOW_ROOT:\n            exception_class = NoSuchShadowRootException\n        elif status in ErrorCode.NO_SUCH_WINDOW:\n            exception_class = NoSuchWindowException\n        elif status in ErrorCode.STALE_ELEMENT_REFERENCE:\n            exception_class = StaleElementReferenceException\n        elif status in ErrorCode.ELEMENT_NOT_VISIBLE:\n            exception_class = ElementNotVisibleException\n        elif status in ErrorCode.INVALID_ELEMENT_STATE:\n            exception_class = InvalidElementStateException\n        elif status in ErrorCode.INVALID_SELECTOR \\\n                or status in ErrorCode.INVALID_XPATH_SELECTOR \\\n                or status in ErrorCode.INVALID_XPATH_SELECTOR_RETURN_TYPER:\n            exception_class = InvalidSelectorException\n        elif status in ErrorCode.ELEMENT_IS_NOT_SELECTABLE:\n            exception_class = ElementNotSelectableException\n        elif status in ErrorCode.ELEMENT_NOT_INTERACTABLE:\n            exception_class = ElementNotInteractableException\n        elif status in ErrorCode.INVALID_COOKIE_DOMAIN:\n            exception_class = InvalidCookieDomainException\n        elif status in ErrorCode.UNABLE_TO_SET_COOKIE:\n            exception_class = UnableToSetCookieException\n        elif status in ErrorCode.TIMEOUT:\n            exception_class = TimeoutException\n        elif status in ErrorCode.SCRIPT_TIMEOUT:\n            exception_class = TimeoutException\n        elif status in ErrorCode.UNKNOWN_ERROR:\n            exception_class = WebDriverException\n        elif status in ErrorCode.UNEXPECTED_ALERT_OPEN:\n            exception_class = UnexpectedAlertPresentException\n        elif status in ErrorCode.NO_ALERT_OPEN:\n            exception_class = NoAlertPresentException\n        elif status in ErrorCode.IME_NOT_AVAILABLE:\n            exception_class = ImeNotAvailableException\n        elif status in ErrorCode.IME_ENGINE_ACTIVATION_FAILED:\n            exception_class = ImeActivationFailedException\n        elif status in ErrorCode.MOVE_TARGET_OUT_OF_BOUNDS:\n            exception_class = MoveTargetOutOfBoundsException\n        elif status in ErrorCode.JAVASCRIPT_ERROR:\n            exception_class = JavascriptException\n        elif status in ErrorCode.SESSION_NOT_CREATED:\n            exception_class = SessionNotCreatedException\n        elif status in ErrorCode.INVALID_ARGUMENT:\n            exception_class = InvalidArgumentException\n        elif status in ErrorCode.NO_SUCH_COOKIE:\n            exception_class = NoSuchCookieException\n        elif status in ErrorCode.UNABLE_TO_CAPTURE_SCREEN:\n            exception_class = ScreenshotException\n        elif status in ErrorCode.ELEMENT_CLICK_INTERCEPTED:\n            exception_class = ElementClickInterceptedException\n        elif status in ErrorCode.INSECURE_CERTIFICATE:\n            exception_class = InsecureCertificateException\n        elif status in ErrorCode.INVALID_COORDINATES:\n            exception_class = InvalidCoordinatesException\n        elif status in ErrorCode.INVALID_SESSION_ID:\n            exception_class = InvalidSessionIdException\n        elif status in ErrorCode.UNKNOWN_METHOD:\n            exception_class = UnknownMethodException\n        else:\n            exception_class = WebDriverException\n        if not value:\n            value = response['value']\n        if isinstance(value, str):\n            raise exception_class(value)\n        if message == \"\" and 'message' in value:\n            message = value['message']\n    \n        screen = None  # type: ignore[assignment]\n        if 'screen' in value:\n            screen = value['screen']\n    \n        stacktrace = None\n        st_value = value.get('stackTrace') or value.get('stacktrace')\n        if st_value:\n            if isinstance(st_value, str):\n                stacktrace = st_value.split('\\n')\n            else:\n                stacktrace = []\n                try:\n                    for frame in st_value:\n                        line = frame.get(\"lineNumber\", \"\")\n                        file = frame.get(\"fileName\", \"<anonymous>\")\n                        if line:\n                            file = f\"{file}:{line}\"\n                        meth = frame.get('methodName', '<anonymous>')\n                        if 'className' in frame:\n                            meth = \"{}.{}\".format(frame['className'], meth)\n                        msg = \"    at %s (%s)\"\n                        msg = msg % (meth, file)\n                        stacktrace.append(msg)\n                except TypeError:\n                    pass\n        if exception_class == UnexpectedAlertPresentException:\n            alert_text = None\n            if 'data' in value:\n                alert_text = value['data'].get('text')\n            elif 'alert' in value:\n                alert_text = value['alert'].get('text')\n            raise exception_class(message, screen, stacktrace, alert_text)  # type: ignore[call-arg]  # mypy is not smart enough here\n>       raise exception_class(message, screen, stacktrace)\nE       selenium.common.exceptions.NoSuchElementException: Message: no such element: Unable to locate element: {\"method\":\"css selector\",\"selector\":\"[class=\"react-datepicker__day react-datepicker__day--001 react-datepicker__day--weekend\"]\"}\nE         (Session info: chrome=113.0.5672.93)\nE       Stacktrace:\nE       Backtrace:\nE       \tGetHandleVerifier [0x00488893+48451]\nE       \t(No symbol) [0x0041B8A1]\nE       \t(No symbol) [0x00325058]\nE       \t(No symbol) [0x00350467]\nE       \t(No symbol) [0x0035069B]\nE       \t(No symbol) [0x0037DD92]\nE       \t(No symbol) [0x0036A304]\nE       \t(No symbol) [0x0037C482]\nE       \t(No symbol) [0x0036A0B6]\nE       \t(No symbol) [0x00347E08]\nE       \t(No symbol) [0x00348F2D]\nE       \tGetHandleVerifier [0x006E8E3A+2540266]\nE       \tGetHandleVerifier [0x00728959+2801161]\nE       \tGetHandleVerifier [0x0072295C+2776588]\nE       \tGetHandleVerifier [0x00512280+612144]\nE       \t(No symbol) [0x00424F6C]\nE       \t(No symbol) [0x004211D8]\nE       \t(No symbol) [0x004212BB]\nE       \t(No symbol) [0x00414857]\nE       \tBaseThreadInitThunk [0x76EA0099+25]\nE       \tRtlGetAppContainerNamedObjectPath [0x77767B6E+286]\nE       \tRtlGetAppContainerNamedObjectPath [0x77767B3E+238]\n\nvenv\\Lib\\site-packages\\selenium\\webdriver\\remote\\errorhandler.py:243: NoSuchElementException\n\nDuring handling of the above exception, another exception occurred:\n\nhold_browser = None\n\n    def test_form(hold_browser):\n        browser.open(\"https://demoqa.com/automation-practice-form\")\n        browser.element(\"#firstName\").should(be.blank).type(\"Test\")\n        browser.element(\"#lastName\").should(be.blank).type(\"Testovich\")\n        browser.element(\"#userEmail\").should(be.blank).type(\"Test@example.com\")\n        browser.element('[for=\"gender-radio-2\"]').should(be.clickable).click()\n        browser.element(\"#userNumber\").should(be.blank).type(\"89997589856\")\n        browser.execute_script(\"window.scrollBy(0, 500)\")\n        browser.element(\"#dateOfBirthInput\").should(be.clickable).click()\n        browser.element('[value=\"1998\"]').should(be.clickable).click()\n>       browser.element('[class=\"react-datepicker__day react-datepicker__day--001 react-datepicker__day--weekend\"]').should(\n            be.clickable\n        ).click()\n\ntest\\test_demoForm_with_allure.py:16: \n_ _ _ _ _ _ _ _ _ _ _ _ _ _ _ _ _ _ _ _ _ _ _ _ _ _ _ _ _ _ _ _ _ _ _ _ _ _ _ _ _ _ _ _ _ _ _ _ _ _ _ _ _ _ _ _ _ _ _ _ _ _ _ _ _ _ _ _ _ _ _ _ _ _ _ _ _ _ _ _ _ _ _ _ _ _ _ _ _ _\nvenv\\Lib\\site-packages\\selene\\core\\entity.py:136: in should\n    self.wait.for_(condition)\nvenv\\Lib\\site-packages\\selene\\core\\wait.py:143: in for_\n    return self._decorator(self)(logic)(fn)\n_ _ _ _ _ _ _ _ _ _ _ _ _ _ _ _ _ _ _ _ _ _ _ _ _ _ _ _ _ _ _ _ _ _ _ _ _ _ _ _ _ _ _ _ _ _ _ _ _ _ _ _ _ _ _ _ _ _ _ _ _ _ _ _ _ _ _ _ _ _ _ _ _ _ _ _ _ _ _ _ _ _ _ _ _ _ _ _ _ _\n\nfn = <selene.core.condition.Condition object at 0x0000028269AD1B10>\n\n    def logic(fn: Callable[[E], R]) -> R:\n        finish_time = time.time() + self._timeout\n    \n        while True:\n            try:\n                return fn(self.entity)\n            except Exception as reason:\n                if time.time() > finish_time:\n                    reason_message = str(reason)\n    \n                    reason_string = '{name}: {message}'.format(\n                        name=reason.__class__.__name__,\n                        message=reason_message,\n                    )\n                    # TODO: think on how can we improve logging failures in selene, e.g. reverse msg and stacktrace\n                    # stacktrace = getattr(reason, 'stacktrace', None)\n                    timeout = self._timeout\n                    entity = self.entity\n    \n                    failure = TimeoutException(\n                        f'\\n'\n                        f'\\nTimed out after {timeout}s, while waiting for:'\n                        f'\\n{entity}.{fn}'\n                        f'\\n'\n                        f'\\nReason: {reason_string}'\n                    )\n    \n>                   raise self._hook_failure(failure)\nE                   selene.core.exceptions.TimeoutException: Message: \nE                   \nE                   Timed out after 4s, while waiting for:\nE                   browser.element(('css selector', '[class=\"react-datepicker__day react-datepicker__day--001 react-datepicker__day--weekend\"]')).is visible and is enabled\nE                   \nE                   Reason: NoSuchElementException: Message: no such element: Unable to locate element: {\"method\":\"css selector\",\"selector\":\"[class=\"react-datepicker__day react-datepicker__day--001 react-datepicker__day--weekend\"]\"}\nE                     (Session info: chrome=113.0.5672.93)\nE                   Stacktrace:\nE                   Backtrace:\nE                   \tGetHandleVerifier [0x00488893+48451]\nE                   \t(No symbol) [0x0041B8A1]\nE                   \t(No symbol) [0x00325058]\nE                   \t(No symbol) [0x00350467]\nE                   \t(No symbol) [0x0035069B]\nE                   \t(No symbol) [0x0037DD92]\nE                   \t(No symbol) [0x0036A304]\nE                   \t(No symbol) [0x0037C482]\nE                   \t(No symbol) [0x0036A0B6]\nE                   \t(No symbol) [0x00347E08]\nE                   \t(No symbol) [0x00348F2D]\nE                   \tGetHandleVerifier [0x006E8E3A+2540266]\nE                   \tGetHandleVerifier [0x00728959+2801161]\nE                   \tGetHandleVerifier [0x0072295C+2776588]\nE                   \tGetHandleVerifier [0x00512280+612144]\nE                   \t(No symbol) [0x00424F6C]\nE                   \t(No symbol) [0x004211D8]\nE                   \t(No symbol) [0x004212BB]\nE                   \t(No symbol) [0x00414857]\nE                   \tBaseThreadInitThunk [0x76EA0099+25]\nE                   \tRtlGetAppContainerNamedObjectPath [0x77767B6E+286]\nE                   \tRtlGetAppContainerNamedObjectPath [0x77767B3E+238]\nE                   \nE                   Screenshot: file://C:\\Users\\DronovNA\\.selene\\screenshots\\1683835337239\\1683835337239.png\nE                   PageSource: file://C:\\Users\\DronovNA\\.selene\\screenshots\\1683835337239\\1683835337239.html\n\nvenv\\Lib\\site-packages\\selene\\core\\wait.py:141: TimeoutException"}, "start": 1683835337403, "stop": 1683835390934, "uuid": "43d80e03-3c45-4dc3-a711-7f729ce35d27", "historyId": "2c45d97baff1d4d74390887a77d3a784", "testCaseId": "2c45d97baff1d4d74390887a77d3a784", "fullName": "test.test_demoForm_with_allure#test_form", "labels": [{"name": "parentSuite", "value": "test"}, {"name": "suite", "value": "test_demoForm_with_allure"}, {"name": "host", "value": "DESKTOP-GJ1NPP2"}, {"name": "thread", "value": "14416-MainThread"}, {"name": "framework", "value": "pytest"}, {"name": "language", "value": "cpython3"}, {"name": "package", "value": "test.test_demoForm_with_allure"}]}